<?xml version="1.0" encoding="UTF-8"?>
<!-- Generated by org.testng.reporters.JUnitReportReporter -->
<testsuite hostname="vasu-PC" name="com.sujitha.testng.AnnotationsTest" tests="2" failures="0" timestamp="21 Feb 2019 11:02:18 GMT" time="0.018" errors="0">
  <testcase name="method2" time="0.006" classname="com.sujitha.testng.AnnotationsTest"/>
  <testcase name="method1" time="0.012" classname="com.sujitha.testng.AnnotationsTest"/>
</testsuite> <!-- com.sujitha.testng.AnnotationsTest -->
