<?xml version="1.0" encoding="UTF-8"?>
<!-- Generated by org.testng.reporters.JUnitReportReporter -->
<testsuite hostname="vasu-PC" name="com.sujitha.testng.ValidationTest" tests="1" failures="0" timestamp="21 Feb 2019 11:09:13 GMT" time="0.040" errors="0">
  <testcase name="validation" time="0.040" classname="com.sujitha.testng.ValidationTest"/>
</testsuite> <!-- com.sujitha.testng.ValidationTest -->
