<?xml version="1.0" encoding="UTF-8"?>
<!-- Generated by org.testng.reporters.JUnitReportReporter -->
<testsuite hostname="vasu-PC" name="com.sujitha.testng.MultipleTestCases" tests="2" failures="0" timestamp="21 Feb 2019 11:02:18 GMT" time="0.014" errors="0">
  <testcase name="appLogin" time="0.005" classname="com.sujitha.testng.MultipleTestCases"/>
  <testcase name="appLaunch" time="0.009" classname="com.sujitha.testng.MultipleTestCases"/>
</testsuite> <!-- com.sujitha.testng.MultipleTestCases -->
