<?xml version="1.0" encoding="UTF-8"?>
<!-- Generated by org.testng.reporters.JUnitReportReporter -->
<testsuite hostname="vasu-PC" name="com.sujitha.testng.BATest" tests="1" failures="0" timestamp="21 Feb 2019 11:14:48 GMT" time="1.719" errors="0">
  <testcase name="appLogin" time="1.719" classname="com.sujitha.testng.BATest"/>
</testsuite> <!-- com.sujitha.testng.BATest -->
