<?xml version="1.0" encoding="UTF-8"?>
<!-- Generated by org.testng.reporters.JUnitReportReporter -->
<testsuite hostname="vasu-PC" name="com.sujitha.testng.AdminLoginTest" tests="1" failures="0" timestamp="21 Feb 2019 11:02:18 GMT" time="10.503" errors="0">
  <testcase name="adminLogin" time="10.503" classname="com.sujitha.testng.AdminLoginTest"/>
</testsuite> <!-- com.sujitha.testng.AdminLoginTest -->
