<?xml version="1.0" encoding="UTF-8"?>
<!-- Generated by org.testng.reporters.JUnitReportReporter -->
<testsuite hostname="vasu-PC" name="com.sujitha.testng.FirstTestNg" tests="1" failures="0" timestamp="21 Feb 2019 11:02:18 GMT" time="0.002" errors="0">
  <testcase name="first" time="0.002" classname="com.sujitha.testng.FirstTestNg"/>
</testsuite> <!-- com.sujitha.testng.FirstTestNg -->
