<?xml version="1.0" encoding="UTF-8"?>
<!-- Generated by org.testng.reporters.JUnitReportReporter -->
<testsuite hostname="vasu-PC" name="com.sujitha.testng.EmpAdd" tests="1" failures="0" timestamp="21 Feb 2019 11:23:01 GMT" time="17.500" errors="0">
  <testcase name="empAdd" time="17.500" classname="com.sujitha.testng.EmpAdd"/>
</testsuite> <!-- com.sujitha.testng.EmpAdd -->
